INFO: All Teams
                  Team    LeagueRank     
       MILWAUKEE BUCKS    0.00675341229762
   PHILADELPHIA SIXERS    0.0149826822383
        BOSTON CELTICS    0.0157925633858
         ORLANDO MAGIC    0.0181708434384
             UTAH JAZZ    0.0188489097992
       DETROIT PISTONS    0.0200185581944
      SACRAMENTO KINGS    0.0225733959158
   CLEVELAND CAVALIERS    0.0240002812942
    LOS ANGELES LAKERS    0.0241398574667
  NEW ORLEANS PELICANS    0.0269600703451
       NEW YORK KNICKS    0.0269943801067
         ATLANTA HAWKS    0.0271285182049
     CHARLOTTE HORNETS    0.0301581317321
    WASHINGTON WIZARDS    0.030964459272 
        DENVER NUGGETS    0.0321635002259
       TORONTO RAPTORS    0.0334385383468
MINNESOTA TIMBERWOLVES    0.0340013604606
         CHICAGO BULLS    0.0367447442037
         BROOKLYN NETS    0.0386233058343
      DALLAS MAVERICKS    0.0410433075927
 GOLDEN STATE WARRIORS    0.0417100838495
          PHOENIX SUNS    0.0421053440018
     MEMPHIS GRIZZLIES    0.0426282754437
        INDIANA PACERS    0.0433941487175
            MIAMI HEAT    0.0476395648921
PORTLAND TRAIL BLAZERS    0.0477366238321
  LOS ANGELES CLIPPERS    0.0504421289914
       HOUSTON ROCKETS    0.0514316142955
     SAN ANTONIO SPURS    0.0521805816492
 OKLAHOMA CITY THUNDER    0.0572308139721
INFO: Eastern Teams
                  Team    LeagueRank     
       MILWAUKEE BUCKS    0.00675341229762
   PHILADELPHIA SIXERS    0.0149826822383
        BOSTON CELTICS    0.0157925633858
         ORLANDO MAGIC    0.0181708434384
       DETROIT PISTONS    0.0200185581944
   CLEVELAND CAVALIERS    0.0240002812942
       NEW YORK KNICKS    0.0269943801067
         ATLANTA HAWKS    0.0271285182049
     CHARLOTTE HORNETS    0.0301581317321
    WASHINGTON WIZARDS    0.030964459272 
       TORONTO RAPTORS    0.0334385383468
         CHICAGO BULLS    0.0367447442037
         BROOKLYN NETS    0.0386233058343
        INDIANA PACERS    0.0433941487175
            MIAMI HEAT    0.0476395648921
INFO: Weastern Teams
                  Team    LeagueRank     
             UTAH JAZZ    0.0188489097992
      SACRAMENTO KINGS    0.0225733959158
    LOS ANGELES LAKERS    0.0241398574667
  NEW ORLEANS PELICANS    0.0269600703451
        DENVER NUGGETS    0.0321635002259
MINNESOTA TIMBERWOLVES    0.0340013604606
      DALLAS MAVERICKS    0.0410433075927
 GOLDEN STATE WARRIORS    0.0417100838495
          PHOENIX SUNS    0.0421053440018
     MEMPHIS GRIZZLIES    0.0426282754437
PORTLAND TRAIL BLAZERS    0.0477366238321
  LOS ANGELES CLIPPERS    0.0504421289914
       HOUSTON ROCKETS    0.0514316142955
     SAN ANTONIO SPURS    0.0521805816492
 OKLAHOMA CITY THUNDER    0.0572308139721
